This is pdfTeX, Version 3.14159265-2.6-1.40.19 (TeX Live 2018) (preloaded format=pdflatex 2018.5.9)  10 SEP 2018 15:19
entering extended mode
 restricted \write18 enabled.
 file:line:error style messages enabled.
 %&-line parsing enabled.
**codingstandards.tex
(./codingstandards.tex
LaTeX2e <2018-04-01> patch level 4
Babel <3.20> and hyphenation patterns for 84 language(s) loaded.
(/usr/local/texlive/2018/texmf-dist/tex/latex/base/article.cls
Document Class: article 2014/09/29 v1.4h Standard LaTeX document class
(/usr/local/texlive/2018/texmf-dist/tex/latex/base/size10.clo
File: size10.clo 2014/09/29 v1.4h Standard LaTeX file (size option)
)
\c@part=\count80
\c@section=\count81
\c@subsection=\count82
\c@subsubsection=\count83
\c@paragraph=\count84
\c@subparagraph=\count85
\c@figure=\count86
\c@table=\count87
\abovecaptionskip=\skip41
\belowcaptionskip=\skip42
\bibindent=\dimen102
) (/Users/wangpeiyong/Desktop/COMP90041/project/.texpadtmp/codingstandards.aux)
\openout1 = `codingstandards.aux'.

LaTeX Font Info:    Checking defaults for OML/cmm/m/it on input line 13.
LaTeX Font Info:    ... okay on input line 13.
LaTeX Font Info:    Checking defaults for T1/cmr/m/n on input line 13.
LaTeX Font Info:    ... okay on input line 13.
LaTeX Font Info:    Checking defaults for OT1/cmr/m/n on input line 13.
LaTeX Font Info:    ... okay on input line 13.
LaTeX Font Info:    Checking defaults for OMS/cmsy/m/n on input line 13.
LaTeX Font Info:    ... okay on input line 13.
LaTeX Font Info:    Checking defaults for OMX/cmex/m/n on input line 13.
LaTeX Font Info:    ... okay on input line 13.
LaTeX Font Info:    Checking defaults for U/cmr/m/n on input line 13.
LaTeX Font Info:    ... okay on input line 13.
LaTeX Font Info:    External font `cmex10' loaded for size
(Font)              <12> on input line 15.
LaTeX Font Info:    External font `cmex10' loaded for size
(Font)              <8> on input line 15.
LaTeX Font Info:    External font `cmex10' loaded for size
(Font)              <6> on input line 15.
 [1

{/usr/local/texlive/2018/texmf-var/fonts/map/pdftex/updmap/pdftex.map}] [2] [3] [4]
Overfull \hbox (11.99689pt too wide) in paragraph at lines 239--239
[]\OT1/cmtt/m/n/10 // Purpose:  Play rock-paper-scissors (RPS) against a human opponent[] 
 []


Overfull \hbox (1.49698pt too wide) in paragraph at lines 239--239
[]\OT1/cmtt/m/n/10 // We repeatedly play RPS against the user.  For each round of the[] 
 []


Overfull \hbox (6.74693pt too wide) in paragraph at lines 239--239
[]\OT1/cmtt/m/n/10 // indicate their guess.  The computer then chooses one and decides[] 
 []


Overfull \hbox (11.99689pt too wide) in paragraph at lines 239--239
[]\OT1/cmtt/m/n/10 // scissors).  If user and computer guess the same, it's a tie.  The[] 
 []


Overfull \hbox (6.74693pt too wide) in paragraph at lines 239--239
[]\OT1/cmtt/m/n/10 // computer than prints the result of the round and begins the next[] 
 []

[5]
LaTeX Font Info:    External font `cmex10' loaded for size
(Font)              <7> on input line 298.
LaTeX Font Info:    External font `cmex10' loaded for size
(Font)              <5> on input line 298.
 [6] (/Users/wangpeiyong/Desktop/COMP90041/project/.texpadtmp/codingstandards.aux) ) 
Here is how much of TeX's memory you used:
 238 strings out of 492649
 3030 string characters out of 6129623
 63978 words of memory out of 5000000
 4193 multiletter control sequences out of 15000+600000
 8409 words of font info for 30 fonts, out of 8000000 for 9000
 1141 hyphenation exceptions out of 8191
 23i,6n,18p,156b,196s stack positions out of 5000i,500n,10000p,200000b,80000s
</usr/local/texlive/2018/texmf-dist/fonts/type1/public/amsfonts/cm/cmbx10.pfb></usr/local/texlive/2018/texmf-dist/fonts/type1/public/amsfonts/cm/cmbx12.pfb></usr/local/texlive/2018/texmf-dist/fonts/type1/public/amsfonts/cm/cmr10.pfb></usr/local/texlive/2018/texmf-dist/fonts/type1/public/amsfonts/cm/cmr12.pfb></usr/local/texlive/2018/texmf-dist/fonts/type1/public/amsfonts/cm/cmr17.pfb></usr/local/texlive/2018/texmf-dist/fonts/type1/public/amsfonts/cm/cmsy10.pfb></usr/local/texlive/2018/texmf-dist/fonts/type1/public/amsfonts/cm/cmti10.pfb></usr/local/texlive/2018/texmf-dist/fonts/type1/public/amsfonts/cm/cmtt10.pfb>
Output written on /Users/wangpeiyong/Desktop/COMP90041/project/.texpadtmp/codingstandards.pdf (6 pages, 126905 bytes).
PDF statistics:
 55 PDF objects out of 1000 (max. 8388607)
 38 compressed objects within 1 object stream
 0 named destinations out of 1000 (max. 500000)
 1 words of extra memory for PDF output out of 10000 (max. 10000000)

